2022-05-02 19:13:34.968  INFO 4692 --- [restartedMain] io.medrem.MedremApplication              : Starting MedremApplication using Java 17.0.2 on Iwadas-MacBook-Pro.local with PID 4692 (/Users/dev/devstation/esi-ut/medrem/target/classes started by dev in /Users/dev/devstation/esi-ut/medrem)
2022-05-02 19:13:34.968  INFO 4692 --- [restartedMain] io.medrem.MedremApplication              : No active profile set, falling back to default profiles: default
2022-05-02 19:13:35.033  INFO 4692 --- [restartedMain] .s.d.r.c.RepositoryConfigurationDelegate : Bootstrapping Spring Data JPA repositories in DEFAULT mode.
2022-05-02 19:13:35.042  INFO 4692 --- [restartedMain] .s.d.r.c.RepositoryConfigurationDelegate : Finished Spring Data repository scanning in 8 ms. Found 7 JPA repository interfaces.
2022-05-02 19:13:35.073  INFO 4692 --- [restartedMain] o.s.b.w.embedded.tomcat.TomcatWebServer  : Tomcat initialized with port(s): 8080 (http)
2022-05-02 19:13:35.073  INFO 4692 --- [restartedMain] o.apache.catalina.core.StandardService   : Starting service [Tomcat]
2022-05-02 19:13:35.073  INFO 4692 --- [restartedMain] org.apache.catalina.core.StandardEngine  : Starting Servlet engine: [Apache Tomcat/9.0.55]
2022-05-02 19:13:35.078  INFO 4692 --- [restartedMain] o.a.c.c.C.[Tomcat].[localhost].[/]       : Initializing Spring embedded WebApplicationContext
2022-05-02 19:13:35.078  INFO 4692 --- [restartedMain] w.s.c.ServletWebServerApplicationContext : Root WebApplicationContext: initialization completed in 109 ms
2022-05-02 19:13:35.086  WARN 4692 --- [restartedMain] JpaBaseConfiguration$JpaWebConfiguration : spring.jpa.open-in-view is enabled by default. Therefore, database queries may be performed during view rendering. Explicitly configure spring.jpa.open-in-view to disable this warning
2022-05-02 19:13:35.098  INFO 4692 --- [restartedMain] com.zaxxer.hikari.HikariDataSource       : HikariPool-9 - Starting...
2022-05-02 19:13:35.107  INFO 4692 --- [restartedMain] com.zaxxer.hikari.HikariDataSource       : HikariPool-9 - Start completed.
2022-05-02 19:13:35.107  INFO 4692 --- [restartedMain] o.f.c.internal.license.VersionPrinter    : Flyway Community Edition 8.0.4 by Redgate
2022-05-02 19:13:35.107  INFO 4692 --- [restartedMain] o.f.c.i.database.base.BaseDatabaseType   : Database: jdbc:postgresql://localhost:5432/medrem (PostgreSQL 14.2)
2022-05-02 19:13:35.112  INFO 4692 --- [restartedMain] o.f.core.internal.command.DbValidate     : Successfully validated 1 migration (execution time 00:00.002s)
2022-05-02 19:13:35.113  INFO 4692 --- [restartedMain] o.f.core.internal.command.DbMigrate      : Current version of schema "public": 1
2022-05-02 19:13:35.113  INFO 4692 --- [restartedMain] o.f.core.internal.command.DbMigrate      : Schema "public" is up to date. No migration necessary.
2022-05-02 19:13:35.117  INFO 4692 --- [restartedMain] o.hibernate.jpa.internal.util.LogHelper  : HHH000204: Processing PersistenceUnitInfo [name: default]
2022-05-02 19:13:35.119  INFO 4692 --- [restartedMain] org.hibernate.dialect.Dialect            : HHH000400: Using dialect: org.hibernate.dialect.PostgreSQLDialect
2022-05-02 19:13:35.222  INFO 4692 --- [restartedMain] o.h.e.t.j.p.i.JtaPlatformInitiator       : HHH000490: Using JtaPlatform implementation: [org.hibernate.engine.transaction.jta.platform.internal.NoJtaPlatform]
2022-05-02 19:13:35.222  INFO 4692 --- [restartedMain] j.LocalContainerEntityManagerFactoryBean : Initialized JPA EntityManagerFactory for persistence unit 'default'
2022-05-02 19:13:35.343  INFO 4692 --- [restartedMain] o.s.s.web.DefaultSecurityFilterChain     : Will secure any request with [org.springframework.security.web.context.request.async.WebAsyncManagerIntegrationFilter@35f5d53c, org.springframework.security.web.context.SecurityContextPersistenceFilter@14809b23, org.springframework.security.web.header.HeaderWriterFilter@30ca475b, org.springframework.web.filter.CorsFilter@2e603cc0, org.springframework.security.web.authentication.logout.LogoutFilter@5b62e0dc, io.medrem.security.jwt.AuthTokenFilter@3f471b9f, org.springframework.security.web.savedrequest.RequestCacheAwareFilter@1abad20e, org.springframework.security.web.servletapi.SecurityContextHolderAwareRequestFilter@78a8ae9d, org.springframework.security.web.authentication.AnonymousAuthenticationFilter@3f3febe, org.springframework.security.web.session.SessionManagementFilter@1e65bab3, org.springframework.security.web.access.ExceptionTranslationFilter@79ceef42, org.springframework.security.web.access.intercept.FilterSecurityInterceptor@53cbee1]
2022-05-02 19:13:35.364  INFO 4692 --- [restartedMain] j.s.t.ScheduledThreadPoolJobRunrExecutor : ThreadManager of type 'ScheduledThreadPool' started
2022-05-02 19:13:35.364  INFO 4692 --- [backgroundjob-zookeeper-pool-25-thread-1] org.jobrunr.server.BackgroundJobServer   : JobRunr BackgroundJobServer (e15c33c2-0153-4e9e-8b95-f3360dccfaf5) and 64 BackgroundJobPerformers started successfully
2022-05-02 19:13:35.364  INFO 4692 --- [backgroundjob-zookeeper-pool-25-thread-1] org.jobrunr.server.ServerZooKeeper       : Server e15c33c2-0153-4e9e-8b95-f3360dccfaf5 is master (this BackgroundJobServer)
2022-05-02 19:13:35.365  INFO 4692 --- [restartedMain] o.j.dashboard.JobRunrDashboardWebServer  : JobRunr Dashboard started at http://localhost:8000/dashboard
2022-05-02 19:13:35.373  INFO 4692 --- [restartedMain] o.s.b.d.a.OptionalLiveReloadServer       : LiveReload server is running on port 35729
2022-05-02 19:13:35.377  INFO 4692 --- [restartedMain] o.s.b.w.embedded.tomcat.TomcatWebServer  : Tomcat started on port(s): 8080 (http) with context path ''
2022-05-02 19:13:35.378  INFO 4692 --- [restartedMain] io.medrem.MedremApplication              : Started MedremApplication in 5.423 seconds (JVM running for 5162.68)
2022-05-02 19:13:35.379  INFO 4692 --- [restartedMain] .ConditionEvaluationDeltaLoggingListener : Condition evaluation unchanged
2022-05-02 19:13:54.977  INFO 4692 --- [Thread-51] o.j.dashboard.JobRunrDashboardWebServer  : JobRunr dashboard stopped
2022-05-02 19:13:54.980  INFO 4692 --- [Thread-51] org.jobrunr.server.BackgroundJobServer   : BackgroundJobServer and BackgroundJobPerformers stopped
2022-05-02 19:13:54.981  INFO 4692 --- [Thread-51] j.LocalContainerEntityManagerFactoryBean : Closing JPA EntityManagerFactory for persistence unit 'default'
2022-05-02 19:13:54.981  INFO 4692 --- [Thread-51] com.zaxxer.hikari.HikariDataSource       : HikariPool-9 - Shutdown initiated...
2022-05-02 19:13:54.982  INFO 4692 --- [Thread-51] com.zaxxer.hikari.HikariDataSource       : HikariPool-9 - Shutdown completed.
2022-05-02 19:14:00.040  INFO 4692 --- [restartedMain] io.medrem.MedremApplication              : Starting MedremApplication using Java 17.0.2 on Iwadas-MacBook-Pro.local with PID 4692 (/Users/dev/devstation/esi-ut/medrem/target/classes started by dev in /Users/dev/devstation/esi-ut/medrem)
2022-05-02 19:14:00.040  INFO 4692 --- [restartedMain] io.medrem.MedremApplication              : No active profile set, falling back to default profiles: default
2022-05-02 19:14:00.112  INFO 4692 --- [restartedMain] .s.d.r.c.RepositoryConfigurationDelegate : Bootstrapping Spring Data JPA repositories in DEFAULT mode.
2022-05-02 19:14:00.119  INFO 4692 --- [restartedMain] .s.d.r.c.RepositoryConfigurationDelegate : Finished Spring Data repository scanning in 6 ms. Found 7 JPA repository interfaces.
2022-05-02 19:14:00.145  INFO 4692 --- [restartedMain] o.s.b.w.embedded.tomcat.TomcatWebServer  : Tomcat initialized with port(s): 8080 (http)
2022-05-02 19:14:00.145  INFO 4692 --- [restartedMain] o.apache.catalina.core.StandardService   : Starting service [Tomcat]
2022-05-02 19:14:00.145  INFO 4692 --- [restartedMain] org.apache.catalina.core.StandardEngine  : Starting Servlet engine: [Apache Tomcat/9.0.55]
2022-05-02 19:14:00.150  INFO 4692 --- [restartedMain] o.a.c.c.C.[Tomcat].[localhost].[/]       : Initializing Spring embedded WebApplicationContext
2022-05-02 19:14:00.150  INFO 4692 --- [restartedMain] w.s.c.ServletWebServerApplicationContext : Root WebApplicationContext: initialization completed in 108 ms
2022-05-02 19:14:00.156  WARN 4692 --- [restartedMain] JpaBaseConfiguration$JpaWebConfiguration : spring.jpa.open-in-view is enabled by default. Therefore, database queries may be performed during view rendering. Explicitly configure spring.jpa.open-in-view to disable this warning
2022-05-02 19:14:00.167  INFO 4692 --- [restartedMain] com.zaxxer.hikari.HikariDataSource       : HikariPool-10 - Starting...
2022-05-02 19:14:00.173  INFO 4692 --- [restartedMain] com.zaxxer.hikari.HikariDataSource       : HikariPool-10 - Start completed.
2022-05-02 19:14:00.174  INFO 4692 --- [restartedMain] o.f.c.internal.license.VersionPrinter    : Flyway Community Edition 8.0.4 by Redgate
2022-05-02 19:14:00.174  INFO 4692 --- [restartedMain] o.f.c.i.database.base.BaseDatabaseType   : Database: jdbc:postgresql://localhost:5432/medrem (PostgreSQL 14.2)
2022-05-02 19:14:00.178  INFO 4692 --- [restartedMain] o.f.core.internal.command.DbValidate     : Successfully validated 1 migration (execution time 00:00.002s)
2022-05-02 19:14:00.179  INFO 4692 --- [restartedMain] o.f.core.internal.command.DbMigrate      : Current version of schema "public": 1
2022-05-02 19:14:00.179  INFO 4692 --- [restartedMain] o.f.core.internal.command.DbMigrate      : Schema "public" is up to date. No migration necessary.
2022-05-02 19:14:00.184  INFO 4692 --- [restartedMain] o.hibernate.jpa.internal.util.LogHelper  : HHH000204: Processing PersistenceUnitInfo [name: default]
2022-05-02 19:14:00.185  INFO 4692 --- [restartedMain] org.hibernate.dialect.Dialect            : HHH000400: Using dialect: org.hibernate.dialect.PostgreSQLDialect
2022-05-02 19:14:00.267  INFO 4692 --- [restartedMain] o.h.e.t.j.p.i.JtaPlatformInitiator       : HHH000490: Using JtaPlatform implementation: [org.hibernate.engine.transaction.jta.platform.internal.NoJtaPlatform]
2022-05-02 19:14:00.268  INFO 4692 --- [restartedMain] j.LocalContainerEntityManagerFactoryBean : Initialized JPA EntityManagerFactory for persistence unit 'default'
2022-05-02 19:14:00.372  INFO 4692 --- [restartedMain] o.s.s.web.DefaultSecurityFilterChain     : Will secure any request with [org.springframework.security.web.context.request.async.WebAsyncManagerIntegrationFilter@bf26e4a, org.springframework.security.web.context.SecurityContextPersistenceFilter@7c5389ac, org.springframework.security.web.header.HeaderWriterFilter@4ccda864, org.springframework.web.filter.CorsFilter@7f8c4159, org.springframework.security.web.authentication.logout.LogoutFilter@4c4c4ab5, io.medrem.security.jwt.AuthTokenFilter@274ebebc, org.springframework.security.web.savedrequest.RequestCacheAwareFilter@5d9af789, org.springframework.security.web.servletapi.SecurityContextHolderAwareRequestFilter@7c35ead6, org.springframework.security.web.authentication.AnonymousAuthenticationFilter@12b0c470, org.springframework.security.web.session.SessionManagementFilter@43826abc, org.springframework.security.web.access.ExceptionTranslationFilter@c25a9b6, org.springframework.security.web.access.intercept.FilterSecurityInterceptor@22be03c]
2022-05-02 19:14:00.387  INFO 4692 --- [restartedMain] j.s.t.ScheduledThreadPoolJobRunrExecutor : ThreadManager of type 'ScheduledThreadPool' started
2022-05-02 19:14:00.387  INFO 4692 --- [backgroundjob-zookeeper-pool-28-thread-1] org.jobrunr.server.BackgroundJobServer   : JobRunr BackgroundJobServer (1b679807-5208-471e-a9e1-36dd786149c4) and 64 BackgroundJobPerformers started successfully
2022-05-02 19:14:00.387  INFO 4692 --- [backgroundjob-zookeeper-pool-28-thread-1] org.jobrunr.server.ServerZooKeeper       : Server 1b679807-5208-471e-a9e1-36dd786149c4 is master (this BackgroundJobServer)
2022-05-02 19:14:00.388  INFO 4692 --- [restartedMain] o.j.dashboard.JobRunrDashboardWebServer  : JobRunr Dashboard started at http://localhost:8000/dashboard
2022-05-02 19:14:00.393  INFO 4692 --- [restartedMain] o.s.b.d.a.OptionalLiveReloadServer       : LiveReload server is running on port 35729
2022-05-02 19:14:00.396  INFO 4692 --- [restartedMain] o.s.b.w.embedded.tomcat.TomcatWebServer  : Tomcat started on port(s): 8080 (http) with context path ''
2022-05-02 19:14:00.397  INFO 4692 --- [restartedMain] io.medrem.MedremApplication              : Started MedremApplication in 5.378 seconds (JVM running for 5187.698)
2022-05-02 19:14:00.397  INFO 4692 --- [restartedMain] .ConditionEvaluationDeltaLoggingListener : Condition evaluation unchanged
2022-05-02 19:21:34.992  WARN 4692 --- [HikariPool-10 housekeeper] com.zaxxer.hikari.pool.HikariPool        : HikariPool-10 - Thread starvation or clock leap detected (housekeeper delta=5m34s702ms).
